[30060:41544:0330/172733.702:WARNING:chrome_main_delegate.cc(745)] This is Chrome version 128.0.6613.138 (not a warning)
[30060:41544:0330/172733.947:WARNING:account_consistency_mode_manager.cc(77)] Desktop Identity Consistency cannot be enabled as no OAuth client ID and client secret have been configured.
[26960:13696:0330/172739.572:ERROR:ssl_client_socket_impl.cc(882)] handshake failed; returned -1, SSL error code 1, net_error -200
[26960:13696:0330/172739.573:WARNING:pac_file_fetcher_impl.cc(267)] SSL certificate error when fetching PAC script, aborting.
[26960:13696:0330/172739.902:ERROR:ssl_client_socket_impl.cc(882)] handshake failed; returned -1, SSL error code 1, net_error -200
[26960:13696:0330/172739.902:WARNING:pac_file_fetcher_impl.cc(267)] SSL certificate error when fetching PAC script, aborting.
[26960:13696:0330/172739.903:ERROR:ssl_client_socket_impl.cc(882)] handshake failed; returned -1, SSL error code 1, net_error -200
[26960:13696:0330/172739.903:WARNING:pac_file_fetcher_impl.cc(267)] SSL certificate error when fetching PAC script, aborting.
[40892:12400:0330/172741.571:WARNING:frame_impl.cc(430)] virtual CefFrameImpl::SendProcessMessage sent to detached frame 5-04D3E5C8C114233C8AFBE56E894D18ED will be ignored
[26960:13696:0330/172747.599:ERROR:ssl_client_socket_impl.cc(882)] handshake failed; returned -1, SSL error code 1, net_error -200
[26960:13696:0330/172747.600:WARNING:pac_file_fetcher_impl.cc(267)] SSL certificate error when fetching PAC script, aborting.
[26960:13696:0330/172747.927:ERROR:ssl_client_socket_impl.cc(882)] handshake failed; returned -1, SSL error code 1, net_error -200
[26960:13696:0330/172747.927:WARNING:pac_file_fetcher_impl.cc(267)] SSL certificate error when fetching PAC script, aborting.
[26960:13696:0330/172747.930:ERROR:ssl_client_socket_impl.cc(882)] handshake failed; returned -1, SSL error code 1, net_error -200
[26960:13696:0330/172747.930:WARNING:pac_file_fetcher_impl.cc(267)] SSL certificate error when fetching PAC script, aborting.
[26960:13696:0330/172839.942:ERROR:ssl_client_socket_impl.cc(882)] handshake failed; returned -1, SSL error code 1, net_error -200
[26960:13696:0330/172839.942:WARNING:pac_file_fetcher_impl.cc(267)] SSL certificate error when fetching PAC script, aborting.
[26960:13696:0330/173335.773:ERROR:ssl_client_socket_impl.cc(882)] handshake failed; returned -1, SSL error code 1, net_error -200
[26960:13696:0330/173335.774:WARNING:pac_file_fetcher_impl.cc(267)] SSL certificate error when fetching PAC script, aborting.
[30060:41544:0330/174440.032:WARNING:pref_notifier_impl.cc(41)] Pref observer for media_router.cast_allow_all_ips found at shutdown.
