[34868:8632:0330/164214.090:WARNING:chrome_main_delegate.cc(745)] This is Chrome version 128.0.6613.138 (not a warning)
[34868:8632:0330/164214.488:WARNING:account_consistency_mode_manager.cc(77)] Desktop Identity Consistency cannot be enabled as no OAuth client ID and client secret have been configured.
[13064:14184:0330/164219.712:ERROR:ssl_client_socket_impl.cc(882)] handshake failed; returned -1, SSL error code 1, net_error -200
[13064:14184:0330/164219.713:WARNING:pac_file_fetcher_impl.cc(267)] SSL certificate error when fetching PAC script, aborting.
[13064:14184:0330/164219.780:ERROR:ssl_client_socket_impl.cc(882)] handshake failed; returned -1, SSL error code 1, net_error -200
[13064:14184:0330/164219.781:WARNING:pac_file_fetcher_impl.cc(267)] SSL certificate error when fetching PAC script, aborting.
[13064:14184:0330/164219.786:ERROR:ssl_client_socket_impl.cc(882)] handshake failed; returned -1, SSL error code 1, net_error -200
[13064:14184:0330/164219.786:WARNING:pac_file_fetcher_impl.cc(267)] SSL certificate error when fetching PAC script, aborting.
[28988:16852:0330/164220.526:WARNING:frame_impl.cc(430)] virtual CefFrameImpl::SendProcessMessage sent to detached frame 5-E89235E91A57EE962B88E50DB81BC555 will be ignored
[13064:14184:0330/164227.736:ERROR:ssl_client_socket_impl.cc(882)] handshake failed; returned -1, SSL error code 1, net_error -200
[13064:14184:0330/164227.737:WARNING:pac_file_fetcher_impl.cc(267)] SSL certificate error when fetching PAC script, aborting.
[13064:14184:0330/164227.805:ERROR:ssl_client_socket_impl.cc(882)] handshake failed; returned -1, SSL error code 1, net_error -200
[13064:14184:0330/164227.805:WARNING:pac_file_fetcher_impl.cc(267)] SSL certificate error when fetching PAC script, aborting.
[13064:14184:0330/164227.807:ERROR:ssl_client_socket_impl.cc(882)] handshake failed; returned -1, SSL error code 1, net_error -200
[13064:14184:0330/164227.807:WARNING:pac_file_fetcher_impl.cc(267)] SSL certificate error when fetching PAC script, aborting.
[13064:14184:0330/164319.990:ERROR:ssl_client_socket_impl.cc(882)] handshake failed; returned -1, SSL error code 1, net_error -200
[13064:14184:0330/164319.990:WARNING:pac_file_fetcher_impl.cc(267)] SSL certificate error when fetching PAC script, aborting.
[13064:14184:0330/164523.611:ERROR:ssl_client_socket_impl.cc(882)] handshake failed; returned -1, SSL error code 1, net_error -200
[13064:14184:0330/164523.612:WARNING:pac_file_fetcher_impl.cc(267)] SSL certificate error when fetching PAC script, aborting.
[34868:8632:0330/170450.983:WARNING:pref_notifier_impl.cc(41)] Pref observer for media_router.cast_allow_all_ips found at shutdown.
